<?xml version="1.0" encoding="UTF-8"?>
<!-- Generated by org.testng.reporters.JUnitReportReporter -->
<testsuite hostname="IBM-116PTN3" failures="0" tests="1" name="common.Base" time="8.717" errors="0" timestamp="2023-11-12T15:14:29 IST" skipped="0">
  <testcase classname="common.Base" name="beforeSuite" time="8.717"/>
</testsuite> <!-- common.Base -->
