<?xml version="1.0" encoding="UTF-8"?>
<!-- Generated by org.testng.reporters.JUnitReportReporter -->
<testsuite hostname="IBM-116PTN3" failures="0" tests="2" name="module1.SampleTest1" time="0.005" errors="0" timestamp="2023-11-12T15:14:29 IST" skipped="0">
  <testcase classname="module1.SampleTest1" name="test2" time="0.002"/>
  <testcase classname="module1.SampleTest1" name="test1" time="0.003"/>
</testsuite> <!-- module1.SampleTest1 -->
