<?xml version="1.0" encoding="UTF-8"?>
<!-- Generated by org.testng.reporters.JUnitReportReporter -->
<testsuite hostname="IBM-116PTN3" failures="0" tests="1" name="test1.SampleTest2" time="0.003" errors="0" timestamp="2023-11-06T08:53:23 IST" skipped="0">
  <testcase classname="test1.SampleTest2" name="test5" time="0.003"/>
  <system-out/>
</testsuite> <!-- test1.SampleTest2 -->
