<?xml version="1.0" encoding="UTF-8"?>
<!-- Generated by org.testng.reporters.JUnitReportReporter -->
<testsuite hostname="IBM-116PTN3" failures="0" tests="3" name="test1.SampleTest1" time="0.017" errors="0" timestamp="2023-11-06T09:02:05 IST" skipped="0">
  <testcase classname="test1.SampleTest1" name="test3" time="0.012"/>
  <system-out/>
  <testcase classname="test1.SampleTest1" name="test2" time="0.003"/>
  <system-out/>
  <testcase classname="test1.SampleTest1" name="test1" time="0.002"/>
  <system-out/>
</testsuite> <!-- test1.SampleTest1 -->
