<?xml version="1.0" encoding="UTF-8"?>
<!-- Generated by org.testng.reporters.JUnitReportReporter -->
<testsuite hostname="IBM-116PTN3" failures="0" tests="2" name="module2.Sampletest3" time="0.005" errors="0" timestamp="2023-11-12T15:14:29 IST" skipped="0">
  <testcase classname="module2.Sampletest3" name="test4" time="0.004"/>
  <testcase classname="module2.Sampletest3" name="ST3" time="0.001"/>
</testsuite> <!-- module2.Sampletest3 -->
