<?xml version="1.0" encoding="UTF-8"?>
<!-- Generated by org.testng.reporters.JUnitReportReporter -->
<testsuite hostname="IBM-116PTN3" failures="0" tests="3" name="module1.SampleTest2" time="0.018" errors="0" timestamp="2023-11-06T14:48:28 IST" skipped="0">
  <testcase classname="module1.SampleTest2" name="ST2" time="0.014"/>
  <system-out/>
  <testcase classname="module1.SampleTest2" name="test4" time="0.002"/>
  <system-out/>
  <testcase classname="module1.SampleTest2" name="test5" time="0.002"/>
  <system-out/>
</testsuite> <!-- module1.SampleTest2 -->
