<?xml version="1.0" encoding="UTF-8"?>
<!-- Generated by org.testng.reporters.JUnitReportReporter -->
<testsuite hostname="IBM-116PTN3" failures="0" tests="1" name="testNg.testNG1" time="0.018" errors="0" timestamp="2023-11-03T09:06:18 IST" skipped="0">
  <testcase classname="testNg.testNG1" name="f" time="0.018"/>
  <system-out/>
</testsuite> <!-- testNg.testNG1 -->
