<?xml version="1.0" encoding="UTF-8"?>
<!-- Generated by org.testng.reporters.JUnitReportReporter -->
<testsuite hostname="IBM-116PTN3" failures="0" tests="3" name="DynamicJson2" time="4.016" errors="0" timestamp="2023-11-12T15:08:02 IST" skipped="0">
  <testcase classname="DynamicJson2" name="UpdatingBooksData" time="0.242"/>
  <testcase classname="DynamicJson2" name="UpdatingBooksData" time="0.211"/>
  <testcase classname="DynamicJson2" name="UpdatingBooksData" time="3.563"/>
</testsuite> <!-- DynamicJson2 -->
